# JRE version: OpenJDK Runtime Environment (8.0_152-b08) (build 1.8.0_152-release-915-b08)
# Java VM: OpenJDK 64-Bit Server VM (25.152-b08 mixed mode bsd-amd64 compressed oops)
Heap:
 PSYoungGen      total 349696K, used 83365K [0x00000007a0000000, 0x00000007c0000000, 0x00000007c0000000)
  eden space 266240K, 0% used [0x00000007a0000000,0x00000007a0000000,0x00000007b0400000)
  from space 83456K, 99% used [0x00000007b0400000,0x00000007b55695d8,0x00000007b5580000)
  to   space 129536K, 0% used [0x00000007b8180000,0x00000007b8180000,0x00000007c0000000)
 ParOldGen       total 1048576K, used 974865K [0x0000000760000000, 0x00000007a0000000, 0x00000007a0000000)
  object space 1048576K, 92% used [0x0000000760000000,0x000000079b804758,0x00000007a0000000)
 Metaspace       used 139973K, capacity 151160K, committed 151512K, reserved 1179648K
  class space    used 17859K, capacity 20885K, committed 20992K, reserved 1048576K
GC Heap History (10 events):
Event: 18865.859 GC heap after
Heap after GC invocations=101 (full 18):
 PSYoungGen      total 397824K, used 82722K [0x00000007a0000000, 0x00000007c0000000, 0x00000007c0000000)
  eden space 278528K, 0% used [0x00000007a0000000,0x00000007a0000000,0x00000007b1000000)
  from space 119296K, 69% used [0x00000007b1000000,0x00000007b60c8848,0x00000007b8480000)
  to   space 120320K, 0% used [0x00000007b8a80000,0x00000007b8a80000,0x00000007c0000000)
 ParOldGen       total 1048576K, used 736545K [0x0000000760000000, 0x00000007a0000000, 0x00000007a0000000)
  object space 1048576K, 70% used [0x0000000760000000,0x000000078cf486f8,0x00000007a0000000)
 Metaspace       used 127094K, capacity 137608K, committed 150488K, reserved 1179648K
  class space    used 16153K, capacity 18959K, committed 20736K, reserved 1048576K
}
Event: 18867.740 GC heap before
{Heap before GC invocations=102 (full 18):
 PSYoungGen      total 397824K, used 361250K [0x00000007a0000000, 0x00000007c0000000, 0x00000007c0000000)
  eden space 278528K, 100% used [0x00000007a0000000,0x00000007b1000000,0x00000007b1000000)
  from space 119296K, 69% used [0x00000007b1000000,0x00000007b60c8848,0x00000007b8480000)
  to   space 120320K, 0% used [0x00000007b8a80000,0x00000007b8a80000,0x00000007c0000000)
 ParOldGen       total 1048576K, used 736545K [0x0000000760000000, 0x00000007a0000000, 0x00000007a0000000)
  object space 1048576K, 70% used [0x0000000760000000,0x000000078cf486f8,0x00000007a0000000)
 Metaspace       used 131196K, capacity 141808K, committed 150488K, reserved 1179648K
  class space    used 16689K, capacity 19535K, committed 20736K, reserved 1048576K
Event: 18868.076 GC heap after
Heap after GC invocations=102 (full 18):
 PSYoungGen      total 400896K, used 85860K [0x00000007a0000000, 0x00000007c0000000, 0x00000007c0000000)
  eden space 280576K, 0% used [0x00000007a0000000,0x00000007a0000000,0x00000007b1200000)
  from space 120320K, 71% used [0x00000007b8a80000,0x00000007bde59130,0x00000007c0000000)
  to   space 121856K, 0% used [0x00000007b1200000,0x00000007b1200000,0x00000007b8900000)
 ParOldGen       total 1048576K, used 813228K [0x0000000760000000, 0x00000007a0000000, 0x00000007a0000000)
  object space 1048576K, 77% used [0x0000000760000000,0x0000000791a2b2d0,0x00000007a0000000)
 Metaspace       used 131196K, capacity 141808K, committed 150488K, reserved 1179648K
  class space    used 16689K, capacity 19535K, committed 20736K, reserved 1048576K
}
Event: 21215.284 GC heap before
{Heap before GC invocations=103 (full 18):
 PSYoungGen      total 400896K, used 366436K [0x00000007a0000000, 0x00000007c0000000, 0x00000007c0000000)
  eden space 280576K, 100% used [0x00000007a0000000,0x00000007b1200000,0x00000007b1200000)
  from space 120320K, 71% used [0x00000007b8a80000,0x00000007bde59130,0x00000007c0000000)
  to   space 121856K, 0% used [0x00000007b1200000,0x00000007b1200000,0x00000007b8900000)
 ParOldGen       total 1048576K, used 813228K [0x0000000760000000, 0x00000007a0000000, 0x00000007a0000000)
  object space 1048576K, 77% used [0x0000000760000000,0x0000000791a2b2d0,0x00000007a0000000)
 Metaspace       used 131341K, capacity 142066K, committed 150488K, reserved 1179648K
  class space    used 16714K, capacity 19618K, committed 20736K, reserved 1048576K
Event: 21215.770 GC heap after
Heap after GC invocations=103 (full 18):
 PSYoungGen      total 286720K, used 5958K [0x00000007a0000000, 0x00000007c0000000, 0x00000007c0000000)
  eden space 280576K, 0% used [0x00000007a0000000,0x00000007a0000000,0x00000007b1200000)
  from space 6144K, 96% used [0x00000007b1200000,0x00000007b17d1998,0x00000007b1800000)
  to   space 127488K, 0% used [0x00000007b8380000,0x00000007b8380000,0x00000007c0000000)
 ParOldGen       total 1048576K, used 892377K [0x0000000760000000, 0x00000007a0000000, 0x00000007a0000000)
  object space 1048576K, 85% used [0x0000000760000000,0x00000007967764c0,0x00000007a0000000)
 Metaspace       used 131341K, capacity 142066K, committed 150488K, reserved 1179648K
  class space    used 16714K, capacity 19618K, committed 20736K, reserved 1048576K
}
Event: 21281.657 GC heap before
{Heap before GC invocations=104 (full 18):
 PSYoungGen      total 286720K, used 286534K [0x00000007a0000000, 0x00000007c0000000, 0x00000007c0000000)
  eden space 280576K, 100% used [0x00000007a0000000,0x00000007b1200000,0x00000007b1200000)
  from space 6144K, 96% used [0x00000007b1200000,0x00000007b17d1998,0x00000007b1800000)
  to   space 127488K, 0% used [0x00000007b8380000,0x00000007b8380000,0x00000007c0000000)
 ParOldGen       total 1048576K, used 892377K [0x0000000760000000, 0x00000007a0000000, 0x00000007a0000000)
  object space 1048576K, 85% used [0x0000000760000000,0x00000007967764c0,0x00000007a0000000)
 Metaspace       used 135582K, capacity 146580K, committed 150488K, reserved 1179648K
  class space    used 17273K, capacity 20255K, committed 20736K, reserved 1048576K
Event: 21281.748 GC heap after
Heap after GC invocations=104 (full 18):
 PSYoungGen      total 393728K, used 84707K [0x00000007a0000000, 0x00000007c0000000, 0x00000007c0000000)
  eden space 266240K, 0% used [0x00000007a0000000,0x00000007a0000000,0x00000007b0400000)
  from space 127488K, 66% used [0x00000007b8380000,0x00000007bd638e50,0x00000007c0000000)
  to   space 129024K, 0% used [0x00000007b0400000,0x00000007b0400000,0x00000007b8200000)
 ParOldGen       total 1048576K, used 895507K [0x0000000760000000, 0x00000007a0000000, 0x00000007a0000000)
  object space 1048576K, 85% used [0x0000000760000000,0x0000000796a84f50,0x00000007a0000000)
 Metaspace       used 135582K, capacity 146580K, committed 150488K, reserved 1179648K
  class space    used 17273K, capacity 20255K, committed 20736K, reserved 1048576K
}
Event: 21283.333 GC heap before
{Heap before GC invocations=105 (full 18):
 PSYoungGen      total 393728K, used 350947K [0x00000007a0000000, 0x00000007c0000000, 0x00000007c0000000)
  eden space 266240K, 100% used [0x00000007a0000000,0x00000007b0400000,0x00000007b0400000)
  from space 127488K, 66% used [0x00000007b8380000,0x00000007bd638e50,0x00000007c0000000)
  to   space 129024K, 0% used [0x00000007b0400000,0x00000007b0400000,0x00000007b8200000)
 ParOldGen       total 1048576K, used 895507K [0x0000000760000000, 0x00000007a0000000, 0x00000007a0000000)
  object space 1048576K, 85% used [0x0000000760000000,0x0000000796a84f50,0x00000007a0000000)
 Metaspace       used 139973K, capacity 151160K, committed 151512K, reserved 1179648K
  class space    used 17859K, capacity 20885K, committed 20992K, reserved 1048576K
Event: 21283.711 GC heap after
Heap after GC invocations=105 (full 18):
 PSYoungGen      total 349696K, used 83365K [0x00000007a0000000, 0x00000007c0000000, 0x00000007c0000000)
  eden space 266240K, 0% used [0x00000007a0000000,0x00000007a0000000,0x00000007b0400000)
  from space 83456K, 99% used [0x00000007b0400000,0x00000007b55695d8,0x00000007b5580000)
  to   space 129536K, 0% used [0x00000007b8180000,0x00000007b8180000,0x00000007c0000000)
 ParOldGen       total 1048576K, used 974865K [0x0000000760000000, 0x00000007a0000000, 0x00000007a0000000)
  object space 1048576K, 92% used [0x0000000760000000,0x000000079b804758,0x00000007a0000000)
 Metaspace       used 139973K, capacity 151160K, committed 151512K, reserved 1179648K
  class space    used 17859K, capacity 20885K, committed 20992K, reserved 1048576K
}
Event: 21283.711 GC heap before
{Heap before GC invocations=106 (full 19):
 PSYoungGen      total 349696K, used 83365K [0x00000007a0000000, 0x00000007c0000000, 0x00000007c0000000)
  eden space 266240K, 0% used [0x00000007a0000000,0x00000007a0000000,0x00000007b0400000)
  from space 83456K, 99% used [0x00000007b0400000,0x00000007b55695d8,0x00000007b5580000)
  to   space 129536K, 0% used [0x00000007b8180000,0x00000007b8180000,0x00000007c0000000)
 ParOldGen       total 1048576K, used 974865K [0x0000000760000000, 0x00000007a0000000, 0x00000007a0000000)
  object space 1048576K, 92% used [0x0000000760000000,0x000000079b804758,0x00000007a0000000)
 Metaspace       used 139973K, capacity 151160K, committed 151512K, reserved 1179648K
  class space    used 17859K, capacity 20885K, committed 20992K, reserved 1048576K

