# JRE version: OpenJDK Runtime Environment (8.0_152-b08) (build 1.8.0_152-release-915-b08)
# Java VM: OpenJDK 64-Bit Server VM (25.152-b08 mixed mode bsd-amd64 compressed oops)
Heap:
 PSYoungGen      total 347136K, used 87029K [0x00000007a0000000, 0x00000007c0000000, 0x00000007c0000000)
  eden space 260096K, 0% used [0x00000007a0000000,0x00000007a0000000,0x00000007afe00000)
  from space 87040K, 99% used [0x00000007bab00000,0x00000007bfffd498,0x00000007c0000000)
  to   space 132096K, 0% used [0x00000007afe00000,0x00000007afe00000,0x00000007b7f00000)
 ParOldGen       total 287232K, used 238401K [0x0000000760000000, 0x0000000771880000, 0x00000007a0000000)
  object space 287232K, 82% used [0x0000000760000000,0x000000076e8d0710,0x0000000771880000)
 Metaspace       used 88241K, capacity 91850K, committed 92032K, reserved 1128448K
  class space    used 11310K, capacity 12140K, committed 12160K, reserved 1048576K
GC Heap History (10 events):
Event: 57.592 GC heap after
Heap after GC invocations=16 (full 3):
 PSYoungGen      total 320000K, used 45561K [0x00000007a0000000, 0x00000007be280000, 0x00000007c0000000)
  eden space 274432K, 0% used [0x00000007a0000000,0x00000007a0000000,0x00000007b0c00000)
  from space 45568K, 99% used [0x00000007b0c00000,0x00000007b387e708,0x00000007b3880000)
  to   space 63488K, 0% used [0x00000007ba480000,0x00000007ba480000,0x00000007be280000)
 ParOldGen       total 141312K, used 126314K [0x0000000760000000, 0x0000000768a00000, 0x00000007a0000000)
  object space 141312K, 89% used [0x0000000760000000,0x0000000767b5aab0,0x0000000768a00000)
 Metaspace       used 72286K, capacity 74874K, committed 75136K, reserved 1114112K
  class space    used 9410K, capacity 10072K, committed 10112K, reserved 1048576K
}
Event: 57.592 GC heap before
{Heap before GC invocations=17 (full 4):
 PSYoungGen      total 320000K, used 45561K [0x00000007a0000000, 0x00000007be280000, 0x00000007c0000000)
  eden space 274432K, 0% used [0x00000007a0000000,0x00000007a0000000,0x00000007b0c00000)
  from space 45568K, 99% used [0x00000007b0c00000,0x00000007b387e708,0x00000007b3880000)
  to   space 63488K, 0% used [0x00000007ba480000,0x00000007ba480000,0x00000007be280000)
 ParOldGen       total 141312K, used 126314K [0x0000000760000000, 0x0000000768a00000, 0x00000007a0000000)
  object space 141312K, 89% used [0x0000000760000000,0x0000000767b5aab0,0x0000000768a00000)
 Metaspace       used 72286K, capacity 74874K, committed 75136K, reserved 1114112K
  class space    used 9410K, capacity 10072K, committed 10112K, reserved 1048576K
Event: 59.030 GC heap after
Heap after GC invocations=17 (full 4):
 PSYoungGen      total 320000K, used 12362K [0x00000007a0000000, 0x00000007be280000, 0x00000007c0000000)
  eden space 274432K, 0% used [0x00000007a0000000,0x00000007a0000000,0x00000007b0c00000)
  from space 45568K, 27% used [0x00000007b0c00000,0x00000007b1812b48,0x00000007b3880000)
  to   space 63488K, 0% used [0x00000007ba480000,0x00000007ba480000,0x00000007be280000)
 ParOldGen       total 287232K, used 140962K [0x0000000760000000, 0x0000000771880000, 0x00000007a0000000)
  object space 287232K, 49% used [0x0000000760000000,0x00000007689a8808,0x0000000771880000)
 Metaspace       used 72286K, capacity 74874K, committed 75136K, reserved 1114112K
  class space    used 9410K, capacity 10072K, committed 10112K, reserved 1048576K
}
Event: 87.128 GC heap before
{Heap before GC invocations=18 (full 4):
 PSYoungGen      total 320000K, used 286794K [0x00000007a0000000, 0x00000007be280000, 0x00000007c0000000)
  eden space 274432K, 100% used [0x00000007a0000000,0x00000007b0c00000,0x00000007b0c00000)
  from space 45568K, 27% used [0x00000007b0c00000,0x00000007b1812b48,0x00000007b3880000)
  to   space 63488K, 0% used [0x00000007ba480000,0x00000007ba480000,0x00000007be280000)
 ParOldGen       total 287232K, used 140962K [0x0000000760000000, 0x0000000771880000, 0x00000007a0000000)
  object space 287232K, 49% used [0x0000000760000000,0x00000007689a8808,0x0000000771880000)
 Metaspace       used 78569K, capacity 81418K, committed 81664K, reserved 1120256K
  class space    used 10217K, capacity 10916K, committed 11008K, reserved 1048576K
Event: 87.232 GC heap after
Heap after GC invocations=18 (full 4):
 PSYoungGen      total 408064K, used 56701K [0x00000007a0000000, 0x00000007be000000, 0x00000007c0000000)
  eden space 347136K, 0% used [0x00000007a0000000,0x00000007a0000000,0x00000007b5300000)
  from space 60928K, 93% used [0x00000007ba480000,0x00000007bdbdf6c8,0x00000007be000000)
  to   space 72192K, 0% used [0x00000007b5300000,0x00000007b5300000,0x00000007b9980000)
 ParOldGen       total 287232K, used 152521K [0x0000000760000000, 0x0000000771880000, 0x00000007a0000000)
  object space 287232K, 53% used [0x0000000760000000,0x00000007694f2680,0x0000000771880000)
 Metaspace       used 78569K, capacity 81418K, committed 81664K, reserved 1120256K
  class space    used 10217K, capacity 10916K, committed 11008K, reserved 1048576K
}
Event: 198.019 GC heap before
{Heap before GC invocations=19 (full 4):
 PSYoungGen      total 408064K, used 403837K [0x00000007a0000000, 0x00000007be000000, 0x00000007c0000000)
  eden space 347136K, 100% used [0x00000007a0000000,0x00000007b5300000,0x00000007b5300000)
  from space 60928K, 93% used [0x00000007ba480000,0x00000007bdbdf6c8,0x00000007be000000)
  to   space 72192K, 0% used [0x00000007b5300000,0x00000007b5300000,0x00000007b9980000)
 ParOldGen       total 287232K, used 152521K [0x0000000760000000, 0x0000000771880000, 0x00000007a0000000)
  object space 287232K, 53% used [0x0000000760000000,0x00000007694f2680,0x0000000771880000)
 Metaspace       used 81434K, capacity 84902K, committed 85120K, reserved 1122304K
  class space    used 10496K, capacity 11282K, committed 11392K, reserved 1048576K
Event: 198.141 GC heap after
Heap after GC invocations=19 (full 4):
 PSYoungGen      total 419328K, used 72191K [0x00000007a0000000, 0x00000007c0000000, 0x00000007c0000000)
  eden space 347136K, 0% used [0x00000007a0000000,0x00000007a0000000,0x00000007b5300000)
  from space 72192K, 99% used [0x00000007b5300000,0x00000007b997fd30,0x00000007b9980000)
  to   space 87040K, 0% used [0x00000007bab00000,0x00000007bab00000,0x00000007c0000000)
 ParOldGen       total 287232K, used 158590K [0x0000000760000000, 0x0000000771880000, 0x00000007a0000000)
  object space 287232K, 55% used [0x0000000760000000,0x0000000769adf868,0x0000000771880000)
 Metaspace       used 81434K, capacity 84902K, committed 85120K, reserved 1122304K
  class space    used 10496K, capacity 11282K, committed 11392K, reserved 1048576K
}
Event: 201.272 GC heap before
{Heap before GC invocations=20 (full 4):
 PSYoungGen      total 419328K, used 414412K [0x00000007a0000000, 0x00000007c0000000, 0x00000007c0000000)
  eden space 347136K, 98% used [0x00000007a0000000,0x00000007b4e33418,0x00000007b5300000)
  from space 72192K, 99% used [0x00000007b5300000,0x00000007b997fd30,0x00000007b9980000)
  to   space 87040K, 0% used [0x00000007bab00000,0x00000007bab00000,0x00000007c0000000)
 ParOldGen       total 287232K, used 158590K [0x0000000760000000, 0x0000000771880000, 0x00000007a0000000)
  object space 287232K, 55% used [0x0000000760000000,0x0000000769adf868,0x0000000771880000)
 Metaspace       used 88241K, capacity 91850K, committed 92032K, reserved 1128448K
  class space    used 11310K, capacity 12140K, committed 12160K, reserved 1048576K
Event: 201.554 GC heap after
Heap after GC invocations=20 (full 4):
 PSYoungGen      total 347136K, used 87029K [0x00000007a0000000, 0x00000007c0000000, 0x00000007c0000000)
  eden space 260096K, 0% used [0x00000007a0000000,0x00000007a0000000,0x00000007afe00000)
  from space 87040K, 99% used [0x00000007bab00000,0x00000007bfffd498,0x00000007c0000000)
  to   space 132096K, 0% used [0x00000007afe00000,0x00000007afe00000,0x00000007b7f00000)
 ParOldGen       total 287232K, used 238401K [0x0000000760000000, 0x0000000771880000, 0x00000007a0000000)
  object space 287232K, 82% used [0x0000000760000000,0x000000076e8d0710,0x0000000771880000)
 Metaspace       used 88241K, capacity 91850K, committed 92032K, reserved 1128448K
  class space    used 11310K, capacity 12140K, committed 12160K, reserved 1048576K
}
Event: 201.554 GC heap before
{Heap before GC invocations=21 (full 5):
 PSYoungGen      total 347136K, used 87029K [0x00000007a0000000, 0x00000007c0000000, 0x00000007c0000000)
  eden space 260096K, 0% used [0x00000007a0000000,0x00000007a0000000,0x00000007afe00000)
  from space 87040K, 99% used [0x00000007bab00000,0x00000007bfffd498,0x00000007c0000000)
  to   space 132096K, 0% used [0x00000007afe00000,0x00000007afe00000,0x00000007b7f00000)
 ParOldGen       total 287232K, used 238401K [0x0000000760000000, 0x0000000771880000, 0x00000007a0000000)
  object space 287232K, 82% used [0x0000000760000000,0x000000076e8d0710,0x0000000771880000)
 Metaspace       used 88241K, capacity 91850K, committed 92032K, reserved 1128448K
  class space    used 11310K, capacity 12140K, committed 12160K, reserved 1048576K

