# JRE version: OpenJDK Runtime Environment (8.0_152-b08) (build 1.8.0_152-release-915-b08)
# Java VM: OpenJDK 64-Bit Server VM (25.152-b08 mixed mode bsd-amd64 compressed oops)
Heap:
 PSYoungGen      total 387584K, used 12781K [0x00000007a0000000, 0x00000007c0000000, 0x00000007c0000000)
  eden space 246784K, 0% used [0x00000007a0000000,0x00000007a0000000,0x00000007af100000)
  from space 140800K, 9% used [0x00000007b7680000,0x00000007b82fb560,0x00000007c0000000)
  to   space 136704K, 0% used [0x00000007af100000,0x00000007af100000,0x00000007b7680000)
 ParOldGen       total 614912K, used 518648K [0x0000000760000000, 0x0000000785880000, 0x00000007a0000000)
  object space 614912K, 84% used [0x0000000760000000,0x000000077fa7e1a0,0x0000000785880000)
 Metaspace       used 118206K, capacity 127042K, committed 147416K, reserved 1175552K
  class space    used 14895K, capacity 17017K, committed 20480K, reserved 1048576K
GC Heap History (10 events):
Event: 13818.689 GC heap after
Heap after GC invocations=62 (full 10):
 PSYoungGen      total 378368K, used 11239K [0x00000007a0000000, 0x00000007c0000000, 0x00000007c0000000)
  eden space 241664K, 0% used [0x00000007a0000000,0x00000007a0000000,0x00000007aec00000)
  from space 136704K, 8% used [0x00000007b7000000,0x00000007b7af9ed8,0x00000007bf580000)
  to   space 135168K, 0% used [0x00000007aec00000,0x00000007aec00000,0x00000007b7000000)
 ParOldGen       total 614912K, used 437763K [0x0000000760000000, 0x0000000785880000, 0x00000007a0000000)
  object space 614912K, 71% used [0x0000000760000000,0x000000077ab80f38,0x0000000785880000)
 Metaspace       used 113999K, capacity 122666K, committed 147416K, reserved 1175552K
  class space    used 14343K, capacity 16393K, committed 20480K, reserved 1048576K
}
Event: 13818.757 GC heap before
{Heap before GC invocations=63 (full 10):
 PSYoungGen      total 378368K, used 251983K [0x00000007a0000000, 0x00000007c0000000, 0x00000007c0000000)
  eden space 241664K, 99% used [0x00000007a0000000,0x00000007aeb19d48,0x00000007aec00000)
  from space 136704K, 8% used [0x00000007b7000000,0x00000007b7af9ed8,0x00000007bf580000)
  to   space 135168K, 0% used [0x00000007aec00000,0x00000007aec00000,0x00000007b7000000)
 ParOldGen       total 614912K, used 437763K [0x0000000760000000, 0x0000000785880000, 0x00000007a0000000)
  object space 614912K, 71% used [0x0000000760000000,0x000000077ab80f38,0x0000000785880000)
 Metaspace       used 114004K, capacity 122666K, committed 147416K, reserved 1175552K
  class space    used 14343K, capacity 16393K, committed 20480K, reserved 1048576K
Event: 13818.778 GC heap after
Heap after GC invocations=63 (full 10):
 PSYoungGen      total 376832K, used 706K [0x00000007a0000000, 0x00000007bfd80000, 0x00000007c0000000)
  eden space 241664K, 0% used [0x00000007a0000000,0x00000007a0000000,0x00000007aec00000)
  from space 135168K, 0% used [0x00000007aec00000,0x00000007aecb0b50,0x00000007b7000000)
  to   space 134656K, 0% used [0x00000007b7a00000,0x00000007b7a00000,0x00000007bfd80000)
 ParOldGen       total 614912K, used 438848K [0x0000000760000000, 0x0000000785880000, 0x00000007a0000000)
  object space 614912K, 71% used [0x0000000760000000,0x000000077ac901a0,0x0000000785880000)
 Metaspace       used 114004K, capacity 122666K, committed 147416K, reserved 1175552K
  class space    used 14343K, capacity 16393K, committed 20480K, reserved 1048576K
}
Event: 14013.454 GC heap before
{Heap before GC invocations=64 (full 10):
 PSYoungGen      total 376832K, used 242370K [0x00000007a0000000, 0x00000007bfd80000, 0x00000007c0000000)
  eden space 241664K, 100% used [0x00000007a0000000,0x00000007aec00000,0x00000007aec00000)
  from space 135168K, 0% used [0x00000007aec00000,0x00000007aecb0b50,0x00000007b7000000)
  to   space 134656K, 0% used [0x00000007b7a00000,0x00000007b7a00000,0x00000007bfd80000)
 ParOldGen       total 614912K, used 438848K [0x0000000760000000, 0x0000000785880000, 0x00000007a0000000)
  object space 614912K, 71% used [0x0000000760000000,0x000000077ac901a0,0x0000000785880000)
 Metaspace       used 114081K, capacity 122836K, committed 147416K, reserved 1175552K
  class space    used 14359K, capacity 16440K, committed 20480K, reserved 1048576K
Event: 14013.599 GC heap after
Heap after GC invocations=64 (full 10):
 PSYoungGen      total 387072K, used 1226K [0x00000007a0000000, 0x00000007bfb80000, 0x00000007c0000000)
  eden space 254464K, 0% used [0x00000007a0000000,0x00000007a0000000,0x00000007af880000)
  from space 132608K, 0% used [0x00000007b7a00000,0x00000007b7b32938,0x00000007bfb80000)
  to   space 132608K, 0% used [0x00000007af880000,0x00000007af880000,0x00000007b7a00000)
 ParOldGen       total 614912K, used 439188K [0x0000000760000000, 0x0000000785880000, 0x00000007a0000000)
  object space 614912K, 71% used [0x0000000760000000,0x000000077ace52a0,0x0000000785880000)
 Metaspace       used 114081K, capacity 122836K, committed 147416K, reserved 1175552K
  class space    used 14359K, capacity 16440K, committed 20480K, reserved 1048576K
}
Event: 14017.689 GC heap before
{Heap before GC invocations=65 (full 10):
 PSYoungGen      total 387072K, used 255690K [0x00000007a0000000, 0x00000007bfb80000, 0x00000007c0000000)
  eden space 254464K, 100% used [0x00000007a0000000,0x00000007af880000,0x00000007af880000)
  from space 132608K, 0% used [0x00000007b7a00000,0x00000007b7b32938,0x00000007bfb80000)
  to   space 132608K, 0% used [0x00000007af880000,0x00000007af880000,0x00000007b7a00000)
 ParOldGen       total 614912K, used 439188K [0x0000000760000000, 0x0000000785880000, 0x00000007a0000000)
  object space 614912K, 71% used [0x0000000760000000,0x000000077ace52a0,0x0000000785880000)
 Metaspace       used 118183K, capacity 127030K, committed 147416K, reserved 1175552K
  class space    used 14894K, capacity 17015K, committed 20480K, reserved 1048576K
Event: 14018.741 GC heap after
Heap after GC invocations=65 (full 10):
 PSYoungGen      total 340992K, used 86506K [0x00000007a0000000, 0x00000007c0000000, 0x00000007c0000000)
  eden space 254464K, 0% used [0x00000007a0000000,0x00000007a0000000,0x00000007af880000)
  from space 86528K, 99% used [0x00000007af880000,0x00000007b4cfaaa0,0x00000007b4d00000)
  to   space 140800K, 0% used [0x00000007b7680000,0x00000007b7680000,0x00000007c0000000)
 ParOldGen       total 614912K, used 440070K [0x0000000760000000, 0x0000000785880000, 0x00000007a0000000)
  object space 614912K, 71% used [0x0000000760000000,0x000000077adc1978,0x0000000785880000)
 Metaspace       used 118183K, capacity 127030K, committed 147416K, reserved 1175552K
  class space    used 14894K, capacity 17015K, committed 20480K, reserved 1048576K
}
Event: 14019.908 GC heap before
{Heap before GC invocations=66 (full 10):
 PSYoungGen      total 340992K, used 340934K [0x00000007a0000000, 0x00000007c0000000, 0x00000007c0000000)
  eden space 254464K, 99% used [0x00000007a0000000,0x00000007af877078,0x00000007af880000)
  from space 86528K, 99% used [0x00000007af880000,0x00000007b4cfaaa0,0x00000007b4d00000)
  to   space 140800K, 0% used [0x00000007b7680000,0x00000007b7680000,0x00000007c0000000)
 ParOldGen       total 614912K, used 440070K [0x0000000760000000, 0x0000000785880000, 0x00000007a0000000)
  object space 614912K, 71% used [0x0000000760000000,0x000000077adc1978,0x0000000785880000)
 Metaspace       used 118206K, capacity 127042K, committed 147416K, reserved 1175552K
  class space    used 14895K, capacity 17017K, committed 20480K, reserved 1048576K
Event: 14021.532 GC heap after
Heap after GC invocations=66 (full 10):
 PSYoungGen      total 387584K, used 12781K [0x00000007a0000000, 0x00000007c0000000, 0x00000007c0000000)
  eden space 246784K, 0% used [0x00000007a0000000,0x00000007a0000000,0x00000007af100000)
  from space 140800K, 9% used [0x00000007b7680000,0x00000007b82fb560,0x00000007c0000000)
  to   space 136704K, 0% used [0x00000007af100000,0x00000007af100000,0x00000007b7680000)
 ParOldGen       total 614912K, used 518648K [0x0000000760000000, 0x0000000785880000, 0x00000007a0000000)
  object space 614912K, 84% used [0x0000000760000000,0x000000077fa7e1a0,0x0000000785880000)
 Metaspace       used 118206K, capacity 127042K, committed 147416K, reserved 1175552K
  class space    used 14895K, capacity 17017K, committed 20480K, reserved 1048576K
}
Event: 14021.532 GC heap before
{Heap before GC invocations=67 (full 11):
 PSYoungGen      total 387584K, used 12781K [0x00000007a0000000, 0x00000007c0000000, 0x00000007c0000000)
  eden space 246784K, 0% used [0x00000007a0000000,0x00000007a0000000,0x00000007af100000)
  from space 140800K, 9% used [0x00000007b7680000,0x00000007b82fb560,0x00000007c0000000)
  to   space 136704K, 0% used [0x00000007af100000,0x00000007af100000,0x00000007b7680000)
 ParOldGen       total 614912K, used 518648K [0x0000000760000000, 0x0000000785880000, 0x00000007a0000000)
  object space 614912K, 84% used [0x0000000760000000,0x000000077fa7e1a0,0x0000000785880000)
 Metaspace       used 118206K, capacity 127042K, committed 147416K, reserved 1175552K
  class space    used 14895K, capacity 17017K, committed 20480K, reserved 1048576K

