# JRE version: OpenJDK Runtime Environment (8.0_152-b08) (build 1.8.0_152-release-915-b08)
# Java VM: OpenJDK 64-Bit Server VM (25.152-b08 mixed mode bsd-amd64 compressed oops)
Heap:
 PSYoungGen      total 334848K, used 126201K [0x00000007a0000000, 0x00000007c0000000, 0x00000007c0000000)
  eden space 179200K, 0% used [0x00000007a0000000,0x00000007a0000000,0x00000007aaf00000)
  from space 155648K, 81% used [0x00000007b6800000,0x00000007be33e4f8,0x00000007c0000000)
  to   space 172544K, 0% used [0x00000007aaf00000,0x00000007aaf00000,0x00000007b5780000)
 ParOldGen       total 349184K, used 299886K [0x0000000760000000, 0x0000000775500000, 0x00000007a0000000)
  object space 349184K, 85% used [0x0000000760000000,0x00000007724db9c8,0x0000000775500000)
 Metaspace       used 90544K, capacity 94178K, committed 94296K, reserved 1130496K
  class space    used 11706K, capacity 12604K, committed 12672K, reserved 1048576K
GC Heap History (10 events):
Event: 98.833 GC heap after
Heap after GC invocations=18 (full 4):
 PSYoungGen      total 250880K, used 35070K [0x00000007a0000000, 0x00000007b7f00000, 0x00000007c0000000)
  eden space 201216K, 0% used [0x00000007a0000000,0x00000007a0000000,0x00000007ac480000)
  from space 49664K, 70% used [0x00000007b1480000,0x00000007b36bf8f8,0x00000007b4500000)
  to   space 81920K, 0% used [0x00000007ac480000,0x00000007ac480000,0x00000007b1480000)
 ParOldGen       total 349184K, used 152086K [0x0000000760000000, 0x0000000775500000, 0x00000007a0000000)
  object space 349184K, 43% used [0x0000000760000000,0x0000000769485830,0x0000000775500000)
 Metaspace       used 76159K, capacity 78802K, committed 78936K, reserved 1118208K
  class space    used 9924K, capacity 10576K, committed 10624K, reserved 1048576K
}
Event: 100.414 GC heap before
{Heap before GC invocations=19 (full 4):
 PSYoungGen      total 250880K, used 236286K [0x00000007a0000000, 0x00000007b7f00000, 0x00000007c0000000)
  eden space 201216K, 100% used [0x00000007a0000000,0x00000007ac480000,0x00000007ac480000)
  from space 49664K, 70% used [0x00000007b1480000,0x00000007b36bf8f8,0x00000007b4500000)
  to   space 81920K, 0% used [0x00000007ac480000,0x00000007ac480000,0x00000007b1480000)
 ParOldGen       total 349184K, used 152086K [0x0000000760000000, 0x0000000775500000, 0x00000007a0000000)
  object space 349184K, 43% used [0x0000000760000000,0x0000000769485830,0x0000000775500000)
 Metaspace       used 77362K, capacity 80282K, committed 80344K, reserved 1118208K
  class space    used 10016K, capacity 10720K, committed 10752K, reserved 1048576K
Event: 100.505 GC heap after
Heap after GC invocations=19 (full 4):
 PSYoungGen      total 283136K, used 70060K [0x00000007a0000000, 0x00000007ba780000, 0x00000007c0000000)
  eden space 201216K, 0% used [0x00000007a0000000,0x00000007a0000000,0x00000007ac480000)
  from space 81920K, 85% used [0x00000007ac480000,0x00000007b08eb308,0x00000007b1480000)
  to   space 92160K, 0% used [0x00000007b4d80000,0x00000007b4d80000,0x00000007ba780000)
 ParOldGen       total 349184K, used 161807K [0x0000000760000000, 0x0000000775500000, 0x00000007a0000000)
  object space 349184K, 46% used [0x0000000760000000,0x0000000769e03c58,0x0000000775500000)
 Metaspace       used 77362K, capacity 80282K, committed 80344K, reserved 1118208K
  class space    used 10016K, capacity 10720K, committed 10752K, reserved 1048576K
}
Event: 150.444 GC heap before
{Heap before GC invocations=20 (full 4):
 PSYoungGen      total 283136K, used 271276K [0x00000007a0000000, 0x00000007ba780000, 0x00000007c0000000)
  eden space 201216K, 100% used [0x00000007a0000000,0x00000007ac480000,0x00000007ac480000)
  from space 81920K, 85% used [0x00000007ac480000,0x00000007b08eb308,0x00000007b1480000)
  to   space 92160K, 0% used [0x00000007b4d80000,0x00000007b4d80000,0x00000007ba780000)
 ParOldGen       total 349184K, used 161807K [0x0000000760000000, 0x0000000775500000, 0x00000007a0000000)
  object space 349184K, 46% used [0x0000000760000000,0x0000000769e03c58,0x0000000775500000)
 Metaspace       used 81510K, capacity 84742K, committed 84824K, reserved 1122304K
  class space    used 10557K, capacity 11324K, committed 11392K, reserved 1048576K
Event: 150.683 GC heap after
Heap after GC invocations=20 (full 4):
 PSYoungGen      total 318976K, used 92137K [0x00000007a0000000, 0x00000007bce00000, 0x00000007c0000000)
  eden space 226816K, 0% used [0x00000007a0000000,0x00000007a0000000,0x00000007add80000)
  from space 92160K, 99% used [0x00000007b4d80000,0x00000007ba77a6a0,0x00000007ba780000)
  to   space 114688K, 0% used [0x00000007add80000,0x00000007add80000,0x00000007b4d80000)
 ParOldGen       total 349184K, used 180283K [0x0000000760000000, 0x0000000775500000, 0x00000007a0000000)
  object space 349184K, 51% used [0x0000000760000000,0x000000076b00ede8,0x0000000775500000)
 Metaspace       used 81510K, capacity 84742K, committed 84824K, reserved 1122304K
  class space    used 10557K, capacity 11324K, committed 11392K, reserved 1048576K
}
Event: 172.937 GC heap before
{Heap before GC invocations=21 (full 4):
 PSYoungGen      total 318976K, used 318953K [0x00000007a0000000, 0x00000007bce00000, 0x00000007c0000000)
  eden space 226816K, 100% used [0x00000007a0000000,0x00000007add80000,0x00000007add80000)
  from space 92160K, 99% used [0x00000007b4d80000,0x00000007ba77a6a0,0x00000007ba780000)
  to   space 114688K, 0% used [0x00000007add80000,0x00000007add80000,0x00000007b4d80000)
 ParOldGen       total 349184K, used 180283K [0x0000000760000000, 0x0000000775500000, 0x00000007a0000000)
  object space 349184K, 51% used [0x0000000760000000,0x000000076b00ede8,0x0000000775500000)
 Metaspace       used 86128K, capacity 89620K, committed 89816K, reserved 1126400K
  class space    used 11158K, capacity 11995K, committed 12032K, reserved 1048576K
Event: 173.100 GC heap after
Heap after GC invocations=21 (full 4):
 PSYoungGen      total 341504K, used 114674K [0x00000007a0000000, 0x00000007c0000000, 0x00000007c0000000)
  eden space 226816K, 0% used [0x00000007a0000000,0x00000007a0000000,0x00000007add80000)
  from space 114688K, 99% used [0x00000007add80000,0x00000007b4d7c938,0x00000007b4d80000)
  to   space 155648K, 0% used [0x00000007b6800000,0x00000007b6800000,0x00000007c0000000)
 ParOldGen       total 349184K, used 236575K [0x0000000760000000, 0x0000000775500000, 0x00000007a0000000)
  object space 349184K, 67% used [0x0000000760000000,0x000000076e707fc0,0x0000000775500000)
 Metaspace       used 86128K, capacity 89620K, committed 89816K, reserved 1126400K
  class space    used 11158K, capacity 11995K, committed 12032K, reserved 1048576K
}
Event: 174.600 GC heap before
{Heap before GC invocations=22 (full 4):
 PSYoungGen      total 341504K, used 341490K [0x00000007a0000000, 0x00000007c0000000, 0x00000007c0000000)
  eden space 226816K, 100% used [0x00000007a0000000,0x00000007add80000,0x00000007add80000)
  from space 114688K, 99% used [0x00000007add80000,0x00000007b4d7c938,0x00000007b4d80000)
  to   space 155648K, 0% used [0x00000007b6800000,0x00000007b6800000,0x00000007c0000000)
 ParOldGen       total 349184K, used 236575K [0x0000000760000000, 0x0000000775500000, 0x00000007a0000000)
  object space 349184K, 67% used [0x0000000760000000,0x000000076e707fc0,0x0000000775500000)
 Metaspace       used 90544K, capacity 94178K, committed 94296K, reserved 1130496K
  class space    used 11706K, capacity 12604K, committed 12672K, reserved 1048576K
Event: 174.980 GC heap after
Heap after GC invocations=22 (full 4):
 PSYoungGen      total 334848K, used 126201K [0x00000007a0000000, 0x00000007c0000000, 0x00000007c0000000)
  eden space 179200K, 0% used [0x00000007a0000000,0x00000007a0000000,0x00000007aaf00000)
  from space 155648K, 81% used [0x00000007b6800000,0x00000007be33e4f8,0x00000007c0000000)
  to   space 172544K, 0% used [0x00000007aaf00000,0x00000007aaf00000,0x00000007b5780000)
 ParOldGen       total 349184K, used 299886K [0x0000000760000000, 0x0000000775500000, 0x00000007a0000000)
  object space 349184K, 85% used [0x0000000760000000,0x00000007724db9c8,0x0000000775500000)
 Metaspace       used 90544K, capacity 94178K, committed 94296K, reserved 1130496K
  class space    used 11706K, capacity 12604K, committed 12672K, reserved 1048576K
}
Event: 174.980 GC heap before
{Heap before GC invocations=23 (full 5):
 PSYoungGen      total 334848K, used 126201K [0x00000007a0000000, 0x00000007c0000000, 0x00000007c0000000)
  eden space 179200K, 0% used [0x00000007a0000000,0x00000007a0000000,0x00000007aaf00000)
  from space 155648K, 81% used [0x00000007b6800000,0x00000007be33e4f8,0x00000007c0000000)
  to   space 172544K, 0% used [0x00000007aaf00000,0x00000007aaf00000,0x00000007b5780000)
 ParOldGen       total 349184K, used 299886K [0x0000000760000000, 0x0000000775500000, 0x00000007a0000000)
  object space 349184K, 85% used [0x0000000760000000,0x00000007724db9c8,0x0000000775500000)
 Metaspace       used 90544K, capacity 94178K, committed 94296K, reserved 1130496K
  class space    used 11706K, capacity 12604K, committed 12672K, reserved 1048576K

