# JRE version: OpenJDK Runtime Environment (8.0_152-b08) (build 1.8.0_152-release-915-b08)
# Java VM: OpenJDK 64-Bit Server VM (25.152-b08 mixed mode bsd-amd64 compressed oops)
Heap:
 PSYoungGen      total 349696K, used 65782K [0x00000007a0000000, 0x00000007c0000000, 0x00000007c0000000)
  eden space 175104K, 0% used [0x00000007a0000000,0x00000007a0000000,0x00000007aab00000)
  from space 174592K, 37% used [0x00000007b5580000,0x00000007b95bd9f0,0x00000007c0000000)
  to   space 174592K, 0% used [0x00000007aab00000,0x00000007aab00000,0x00000007b5580000)
 ParOldGen       total 1048576K, used 966761K [0x0000000760000000, 0x00000007a0000000, 0x00000007a0000000)
  object space 1048576K, 92% used [0x0000000760000000,0x000000079b01a7a8,0x00000007a0000000)
 Metaspace       used 140788K, capacity 150350K, committed 152024K, reserved 1181696K
  class space    used 17827K, capacity 20146K, committed 20480K, reserved 1048576K
GC Heap History (10 events):
Event: 4086.180 GC heap after
Heap after GC invocations=97 (full 22):
 PSYoungGen      total 349696K, used 0K [0x00000007a0000000, 0x00000007c0000000, 0x00000007c0000000)
  eden space 175104K, 0% used [0x00000007a0000000,0x00000007a0000000,0x00000007aab00000)
  from space 174592K, 0% used [0x00000007aab00000,0x00000007aab00000,0x00000007b5580000)
  to   space 174592K, 0% used [0x00000007b5580000,0x00000007b5580000,0x00000007c0000000)
 ParOldGen       total 1048576K, used 1027184K [0x0000000760000000, 0x00000007a0000000, 0x00000007a0000000)
  object space 1048576K, 97% used [0x0000000760000000,0x000000079eb1c0f0,0x00000007a0000000)
 Metaspace       used 141495K, capacity 150814K, committed 151512K, reserved 1181696K
  class space    used 17903K, capacity 20110K, committed 20224K, reserved 1048576K
}
Event: 4087.815 GC heap before
{Heap before GC invocations=98 (full 23):
 PSYoungGen      total 349696K, used 175104K [0x00000007a0000000, 0x00000007c0000000, 0x00000007c0000000)
  eden space 175104K, 100% used [0x00000007a0000000,0x00000007aab00000,0x00000007aab00000)
  from space 174592K, 0% used [0x00000007aab00000,0x00000007aab00000,0x00000007b5580000)
  to   space 174592K, 0% used [0x00000007b5580000,0x00000007b5580000,0x00000007c0000000)
 ParOldGen       total 1048576K, used 1027184K [0x0000000760000000, 0x00000007a0000000, 0x00000007a0000000)
  object space 1048576K, 97% used [0x0000000760000000,0x000000079eb1c0f0,0x00000007a0000000)
 Metaspace       used 142250K, capacity 151586K, committed 152024K, reserved 1181696K
  class space    used 18064K, capacity 20278K, committed 20480K, reserved 1048576K
Event: 4090.271 GC heap after
Heap after GC invocations=98 (full 23):
 PSYoungGen      total 349696K, used 0K [0x00000007a0000000, 0x00000007c0000000, 0x00000007c0000000)
  eden space 175104K, 0% used [0x00000007a0000000,0x00000007a0000000,0x00000007aab00000)
  from space 174592K, 0% used [0x00000007aab00000,0x00000007aab00000,0x00000007b5580000)
  to   space 174592K, 0% used [0x00000007b5580000,0x00000007b5580000,0x00000007c0000000)
 ParOldGen       total 1048576K, used 888618K [0x0000000760000000, 0x00000007a0000000, 0x00000007a0000000)
  object space 1048576K, 84% used [0x0000000760000000,0x00000007963ca928,0x00000007a0000000)
 Metaspace       used 133688K, capacity 142898K, committed 152024K, reserved 1181696K
  class space    used 16945K, capacity 19142K, committed 20480K, reserved 1048576K
}
Event: 4203.452 GC heap before
{Heap before GC invocations=99 (full 23):
 PSYoungGen      total 349696K, used 175104K [0x00000007a0000000, 0x00000007c0000000, 0x00000007c0000000)
  eden space 175104K, 100% used [0x00000007a0000000,0x00000007aab00000,0x00000007aab00000)
  from space 174592K, 0% used [0x00000007aab00000,0x00000007aab00000,0x00000007b5580000)
  to   space 174592K, 0% used [0x00000007b5580000,0x00000007b5580000,0x00000007c0000000)
 ParOldGen       total 1048576K, used 888618K [0x0000000760000000, 0x00000007a0000000, 0x00000007a0000000)
  object space 1048576K, 84% used [0x0000000760000000,0x00000007963ca928,0x00000007a0000000)
 Metaspace       used 133764K, capacity 143018K, committed 152024K, reserved 1181696K
  class space    used 16956K, capacity 19182K, committed 20480K, reserved 1048576K
Event: 4203.546 GC heap after
Heap after GC invocations=99 (full 23):
 PSYoungGen      total 349696K, used 16320K [0x00000007a0000000, 0x00000007c0000000, 0x00000007c0000000)
  eden space 175104K, 0% used [0x00000007a0000000,0x00000007a0000000,0x00000007aab00000)
  from space 174592K, 9% used [0x00000007b5580000,0x00000007b65702e8,0x00000007c0000000)
  to   space 174592K, 0% used [0x00000007aab00000,0x00000007aab00000,0x00000007b5580000)
 ParOldGen       total 1048576K, used 888626K [0x0000000760000000, 0x00000007a0000000, 0x00000007a0000000)
  object space 1048576K, 84% used [0x0000000760000000,0x00000007963cc928,0x00000007a0000000)
 Metaspace       used 133764K, capacity 143018K, committed 152024K, reserved 1181696K
  class space    used 16956K, capacity 19182K, committed 20480K, reserved 1048576K
}
Event: 4235.598 GC heap before
{Heap before GC invocations=100 (full 23):
 PSYoungGen      total 349696K, used 191424K [0x00000007a0000000, 0x00000007c0000000, 0x00000007c0000000)
  eden space 175104K, 100% used [0x00000007a0000000,0x00000007aab00000,0x00000007aab00000)
  from space 174592K, 9% used [0x00000007b5580000,0x00000007b65702e8,0x00000007c0000000)
  to   space 174592K, 0% used [0x00000007aab00000,0x00000007aab00000,0x00000007b5580000)
 ParOldGen       total 1048576K, used 888626K [0x0000000760000000, 0x00000007a0000000, 0x00000007a0000000)
  object space 1048576K, 84% used [0x0000000760000000,0x00000007963cc928,0x00000007a0000000)
 Metaspace       used 138178K, capacity 147586K, committed 152024K, reserved 1181696K
  class space    used 17547K, capacity 19834K, committed 20480K, reserved 1048576K
Event: 4235.776 GC heap after
Heap after GC invocations=100 (full 23):
 PSYoungGen      total 349696K, used 72542K [0x00000007a0000000, 0x00000007c0000000, 0x00000007c0000000)
  eden space 175104K, 0% used [0x00000007a0000000,0x00000007a0000000,0x00000007aab00000)
  from space 174592K, 41% used [0x00000007aab00000,0x00000007af1d7b40,0x00000007b5580000)
  to   space 174592K, 0% used [0x00000007b5580000,0x00000007b5580000,0x00000007c0000000)
 ParOldGen       total 1048576K, used 900131K [0x0000000760000000, 0x00000007a0000000, 0x00000007a0000000)
  object space 1048576K, 85% used [0x0000000760000000,0x0000000796f08c10,0x00000007a0000000)
 Metaspace       used 138178K, capacity 147586K, committed 152024K, reserved 1181696K
  class space    used 17547K, capacity 19834K, committed 20480K, reserved 1048576K
}
Event: 4236.639 GC heap before
{Heap before GC invocations=101 (full 23):
 PSYoungGen      total 349696K, used 247642K [0x00000007a0000000, 0x00000007c0000000, 0x00000007c0000000)
  eden space 175104K, 99% used [0x00000007a0000000,0x00000007aaafeeb8,0x00000007aab00000)
  from space 174592K, 41% used [0x00000007aab00000,0x00000007af1d7b40,0x00000007b5580000)
  to   space 174592K, 0% used [0x00000007b5580000,0x00000007b5580000,0x00000007c0000000)
 ParOldGen       total 1048576K, used 900131K [0x0000000760000000, 0x00000007a0000000, 0x00000007a0000000)
  object space 1048576K, 85% used [0x0000000760000000,0x0000000796f08c10,0x00000007a0000000)
 Metaspace       used 140788K, capacity 150350K, committed 152024K, reserved 1181696K
  class space    used 17827K, capacity 20146K, committed 20480K, reserved 1048576K
Event: 4236.875 GC heap after
Heap after GC invocations=101 (full 23):
 PSYoungGen      total 349696K, used 65782K [0x00000007a0000000, 0x00000007c0000000, 0x00000007c0000000)
  eden space 175104K, 0% used [0x00000007a0000000,0x00000007a0000000,0x00000007aab00000)
  from space 174592K, 37% used [0x00000007b5580000,0x00000007b95bd9f0,0x00000007c0000000)
  to   space 174592K, 0% used [0x00000007aab00000,0x00000007aab00000,0x00000007b5580000)
 ParOldGen       total 1048576K, used 966761K [0x0000000760000000, 0x00000007a0000000, 0x00000007a0000000)
  object space 1048576K, 92% used [0x0000000760000000,0x000000079b01a7a8,0x00000007a0000000)
 Metaspace       used 140788K, capacity 150350K, committed 152024K, reserved 1181696K
  class space    used 17827K, capacity 20146K, committed 20480K, reserved 1048576K
}
Event: 4236.875 GC heap before
{Heap before GC invocations=102 (full 24):
 PSYoungGen      total 349696K, used 65782K [0x00000007a0000000, 0x00000007c0000000, 0x00000007c0000000)
  eden space 175104K, 0% used [0x00000007a0000000,0x00000007a0000000,0x00000007aab00000)
  from space 174592K, 37% used [0x00000007b5580000,0x00000007b95bd9f0,0x00000007c0000000)
  to   space 174592K, 0% used [0x00000007aab00000,0x00000007aab00000,0x00000007b5580000)
 ParOldGen       total 1048576K, used 966761K [0x0000000760000000, 0x00000007a0000000, 0x00000007a0000000)
  object space 1048576K, 92% used [0x0000000760000000,0x000000079b01a7a8,0x00000007a0000000)
 Metaspace       used 140788K, capacity 150350K, committed 152024K, reserved 1181696K
  class space    used 17827K, capacity 20146K, committed 20480K, reserved 1048576K

