# JRE version: OpenJDK Runtime Environment (8.0_152-b08) (build 1.8.0_152-release-915-b08)
# Java VM: OpenJDK 64-Bit Server VM (25.152-b08 mixed mode bsd-amd64 compressed oops)
Heap:
 PSYoungGen      total 340480K, used 165888K [0x00000007a0000000, 0x00000007bf600000, 0x00000007c0000000)
  eden space 165888K, 100% used [0x00000007a0000000,0x00000007aa200000,0x00000007aa200000)
  from space 174592K, 0% used [0x00000007aa200000,0x00000007aa200000,0x00000007b4c80000)
  to   space 171520K, 0% used [0x00000007b4e80000,0x00000007b4e80000,0x00000007bf600000)
 ParOldGen       total 1048576K, used 1048388K [0x0000000760000000, 0x00000007a0000000, 0x00000007a0000000)
  object space 1048576K, 99% used [0x0000000760000000,0x000000079ffd1190,0x00000007a0000000)
 Metaspace       used 158875K, capacity 177818K, committed 177920K, reserved 1202176K
  class space    used 20636K, capacity 25833K, committed 25856K, reserved 1048576K
GC Heap History (10 events):
Event: 35719.336 GC heap after
Heap after GC invocations=345 (full 94):
 PSYoungGen      total 340480K, used 131894K [0x00000007a0000000, 0x00000007bf600000, 0x00000007c0000000)
  eden space 165888K, 79% used [0x00000007a0000000,0x00000007a80cdbc0,0x00000007aa200000)
  from space 174592K, 0% used [0x00000007aa200000,0x00000007aa200000,0x00000007b4c80000)
  to   space 171520K, 0% used [0x00000007b4e80000,0x00000007b4e80000,0x00000007bf600000)
 ParOldGen       total 1048576K, used 1048370K [0x0000000760000000, 0x00000007a0000000, 0x00000007a0000000)
  object space 1048576K, 99% used [0x0000000760000000,0x000000079ffcca40,0x00000007a0000000)
 Metaspace       used 158840K, capacity 177758K, committed 177920K, reserved 1202176K
  class space    used 20631K, capacity 25823K, committed 25856K, reserved 1048576K
}
Event: 35719.640 GC heap before
{Heap before GC invocations=346 (full 95):
 PSYoungGen      total 340480K, used 165888K [0x00000007a0000000, 0x00000007bf600000, 0x00000007c0000000)
  eden space 165888K, 100% used [0x00000007a0000000,0x00000007aa200000,0x00000007aa200000)
  from space 174592K, 0% used [0x00000007aa200000,0x00000007aa200000,0x00000007b4c80000)
  to   space 171520K, 0% used [0x00000007b4e80000,0x00000007b4e80000,0x00000007bf600000)
 ParOldGen       total 1048576K, used 1048370K [0x0000000760000000, 0x00000007a0000000, 0x00000007a0000000)
  object space 1048576K, 99% used [0x0000000760000000,0x000000079ffcca40,0x00000007a0000000)
 Metaspace       used 158844K, capacity 177758K, committed 177920K, reserved 1202176K
  class space    used 20631K, capacity 25823K, committed 25856K, reserved 1048576K
Event: 35722.686 GC heap after
Heap after GC invocations=346 (full 95):
 PSYoungGen      total 340480K, used 59184K [0x00000007a0000000, 0x00000007bf600000, 0x00000007c0000000)
  eden space 165888K, 35% used [0x00000007a0000000,0x00000007a39cc048,0x00000007aa200000)
  from space 174592K, 0% used [0x00000007aa200000,0x00000007aa200000,0x00000007b4c80000)
  to   space 171520K, 0% used [0x00000007b4e80000,0x00000007b4e80000,0x00000007bf600000)
 ParOldGen       total 1048576K, used 1048097K [0x0000000760000000, 0x00000007a0000000, 0x00000007a0000000)
  object space 1048576K, 99% used [0x0000000760000000,0x000000079ff887b0,0x00000007a0000000)
 Metaspace       used 154769K, capacity 173612K, committed 177920K, reserved 1202176K
  class space    used 20100K, capacity 25256K, committed 25856K, reserved 1048576K
}
Event: 35723.707 GC heap before
{Heap before GC invocations=347 (full 96):
 PSYoungGen      total 340480K, used 165888K [0x00000007a0000000, 0x00000007bf600000, 0x00000007c0000000)
  eden space 165888K, 100% used [0x00000007a0000000,0x00000007aa200000,0x00000007aa200000)
  from space 174592K, 0% used [0x00000007aa200000,0x00000007aa200000,0x00000007b4c80000)
  to   space 171520K, 0% used [0x00000007b4e80000,0x00000007b4e80000,0x00000007bf600000)
 ParOldGen       total 1048576K, used 1048097K [0x0000000760000000, 0x00000007a0000000, 0x00000007a0000000)
  object space 1048576K, 99% used [0x0000000760000000,0x000000079ff887b0,0x00000007a0000000)
 Metaspace       used 155293K, capacity 174216K, committed 177920K, reserved 1202176K
  class space    used 20149K, capacity 25330K, committed 25856K, reserved 1048576K
Event: 35726.106 GC heap after
Heap after GC invocations=347 (full 96):
 PSYoungGen      total 340480K, used 74517K [0x00000007a0000000, 0x00000007bf600000, 0x00000007c0000000)
  eden space 165888K, 44% used [0x00000007a0000000,0x00000007a48c5760,0x00000007aa200000)
  from space 174592K, 0% used [0x00000007aa200000,0x00000007aa200000,0x00000007b4c80000)
  to   space 171520K, 0% used [0x00000007b4e80000,0x00000007b4e80000,0x00000007bf600000)
 ParOldGen       total 1048576K, used 1048391K [0x0000000760000000, 0x00000007a0000000, 0x00000007a0000000)
  object space 1048576K, 99% used [0x0000000760000000,0x000000079ffd1c88,0x00000007a0000000)
 Metaspace       used 155293K, capacity 174216K, committed 177920K, reserved 1202176K
  class space    used 20149K, capacity 25330K, committed 25856K, reserved 1048576K
}
Event: 35726.843 GC heap before
{Heap before GC invocations=348 (full 97):
 PSYoungGen      total 340480K, used 165888K [0x00000007a0000000, 0x00000007bf600000, 0x00000007c0000000)
  eden space 165888K, 100% used [0x00000007a0000000,0x00000007aa200000,0x00000007aa200000)
  from space 174592K, 0% used [0x00000007aa200000,0x00000007aa200000,0x00000007b4c80000)
  to   space 171520K, 0% used [0x00000007b4e80000,0x00000007b4e80000,0x00000007bf600000)
 ParOldGen       total 1048576K, used 1048391K [0x0000000760000000, 0x00000007a0000000, 0x00000007a0000000)
  object space 1048576K, 99% used [0x0000000760000000,0x000000079ffd1c88,0x00000007a0000000)
 Metaspace       used 158771K, capacity 177704K, committed 177920K, reserved 1202176K
  class space    used 20607K, capacity 25798K, committed 25856K, reserved 1048576K
Event: 35728.847 GC heap after
Heap after GC invocations=348 (full 97):
 PSYoungGen      total 340480K, used 121167K [0x00000007a0000000, 0x00000007bf600000, 0x00000007c0000000)
  eden space 165888K, 73% used [0x00000007a0000000,0x00000007a7653c20,0x00000007aa200000)
  from space 174592K, 0% used [0x00000007aa200000,0x00000007aa200000,0x00000007b4c80000)
  to   space 171520K, 0% used [0x00000007b4e80000,0x00000007b4e80000,0x00000007bf600000)
 ParOldGen       total 1048576K, used 1048388K [0x0000000760000000, 0x00000007a0000000, 0x00000007a0000000)
  object space 1048576K, 99% used [0x0000000760000000,0x000000079ffd1190,0x00000007a0000000)
 Metaspace       used 158771K, capacity 177704K, committed 177920K, reserved 1202176K
  class space    used 20607K, capacity 25798K, committed 25856K, reserved 1048576K
}
Event: 35728.959 GC heap before
{Heap before GC invocations=349 (full 98):
 PSYoungGen      total 340480K, used 165888K [0x00000007a0000000, 0x00000007bf600000, 0x00000007c0000000)
  eden space 165888K, 100% used [0x00000007a0000000,0x00000007aa200000,0x00000007aa200000)
  from space 174592K, 0% used [0x00000007aa200000,0x00000007aa200000,0x00000007b4c80000)
  to   space 171520K, 0% used [0x00000007b4e80000,0x00000007b4e80000,0x00000007bf600000)
 ParOldGen       total 1048576K, used 1048388K [0x0000000760000000, 0x00000007a0000000, 0x00000007a0000000)
  object space 1048576K, 99% used [0x0000000760000000,0x000000079ffd1190,0x00000007a0000000)
 Metaspace       used 158875K, capacity 177818K, committed 177920K, reserved 1202176K
  class space    used 20636K, capacity 25833K, committed 25856K, reserved 1048576K
Event: 35731.011 GC heap after
Heap after GC invocations=349 (full 98):
 PSYoungGen      total 340480K, used 137456K [0x00000007a0000000, 0x00000007bf600000, 0x00000007c0000000)
  eden space 165888K, 82% used [0x00000007a0000000,0x00000007a863c128,0x00000007aa200000)
  from space 174592K, 0% used [0x00000007aa200000,0x00000007aa200000,0x00000007b4c80000)
  to   space 171520K, 0% used [0x00000007b4e80000,0x00000007b4e80000,0x00000007bf600000)
 ParOldGen       total 1048576K, used 1048388K [0x0000000760000000, 0x00000007a0000000, 0x00000007a0000000)
  object space 1048576K, 99% used [0x0000000760000000,0x000000079ffd1190,0x00000007a0000000)
 Metaspace       used 158875K, capacity 177818K, committed 177920K, reserved 1202176K
  class space    used 20636K, capacity 25833K, committed 25856K, reserved 1048576K
}
Event: 35731.333 GC heap before
{Heap before GC invocations=350 (full 99):
 PSYoungGen      total 340480K, used 165888K [0x00000007a0000000, 0x00000007bf600000, 0x00000007c0000000)
  eden space 165888K, 100% used [0x00000007a0000000,0x00000007aa200000,0x00000007aa200000)
  from space 174592K, 0% used [0x00000007aa200000,0x00000007aa200000,0x00000007b4c80000)
  to   space 171520K, 0% used [0x00000007b4e80000,0x00000007b4e80000,0x00000007bf600000)
 ParOldGen       total 1048576K, used 1048388K [0x0000000760000000, 0x00000007a0000000, 0x00000007a0000000)
  object space 1048576K, 99% used [0x0000000760000000,0x000000079ffd1190,0x00000007a0000000)
 Metaspace       used 158875K, capacity 177818K, committed 177920K, reserved 1202176K
  class space    used 20636K, capacity 25833K, committed 25856K, reserved 1048576K

